U-Boot 1.1.4 (Oct 13 2015 - 08:38:35)

ap147 - Honey Bee 2.0DRAM:
sri
Honey Bee 2.0
ath_ddr_initial_config(195): (16bit) ddr2 init
tap = 0x00000003
Tap (low, high) = (0x7, 0x22)
Tap values = (0x14, 0x14, 0x14, 0x14)
64 MB
Top of RAM usable for U-Boot at: 84000000
Reserving 156k for U-Boot at: 83fd8000
Reserving 192k for malloc() at: 83fa8000
Reserving 44 Bytes for Board Info at: 83fa7fd4
Reserving 36 Bytes for Global Data at: 83fa7fb0
Reserving 128k for boot params() at: 83f87fb0
Stack Pointer at: 83f87f98
Now running in RAM - U-Boot at: 83fd8000
Flash Manuf Id 0xc2, DeviceId0 0x20, DeviceId1 0x17
flash size 8MB, sector count = 128
Flash:  8 MB
Using default environment

In:    serial
Out:   serial
Err:   serial
Net:   ath_gmac_enet_initialize...
No valid address in Flash. Using fixed address
No valid address in Flash. Using fixed address
ath_gmac_enet_initialize: reset mask:c02200
Scorpion ---->S27 PHY*
S27 reg init
: cfg1 0x800c0000 cfg2 0x7114
eth0: 00:03:7f:09:0b:ad
athrs27_phy_setup ATHR_PHY_CONTROL 4 :1000
athrs27_phy_setup ATHR_PHY_SPEC_STAUS 4 :10
eth0 up
Honey Bee ---->  MAC 1 S27 PHY *
S27 reg init
ATHRS27: resetting s27
ATHRS27: s27 reset done
: cfg1 0x800c0000 cfg2 0x7214
eth1: 00:03:7f:09:0b:ad
athrs27_phy_setup ATHR_PHY_CONTROL 0 :1000
athrs27_phy_setup ATHR_PHY_SPEC_STAUS 0 :10
athrs27_phy_setup ATHR_PHY_CONTROL 1 :1000
athrs27_phy_setup ATHR_PHY_SPEC_STAUS 1 :10
athrs27_phy_setup ATHR_PHY_CONTROL 2 :1000
athrs27_phy_setup ATHR_PHY_SPEC_STAUS 2 :10
athrs27_phy_setup ATHR_PHY_CONTROL 3 :1000
athrs27_phy_setup ATHR_PHY_SPEC_STAUS 3 :10
eth1 up
eth0, eth1
Setting 0x181162c0 to 0x50a1a100
Hit any key to stop autoboot:  0
do_bootm:argc=2, addr=0x9f020000
## Booting image at 9f020000 ...
   Uncompressing Kernel Image ... OK
No initrd
## Transferring control to Linux (at address 802fecd0) ...
## Giving linux memsize in bytes, 67108864

Starting kernel ...

Linux version 3.3.8 (root@localhost.localdomain) (gcc version 4.6.3 20120201 (pr                                          erelease) (Linaro GCC 4.6-2012.02) ) #17 Tue Dec 15 17:08:41 CST 2015
CPU revision is: 00019374 (MIPS 24Kc)
SoC: Qualcomm Atheros QCA9531 rev 2
Clocks: CPU:650.000MHz, DDR:597.924MHz, AHB:216.666MHz, Ref:25.000MHz
Determined physical RAM map:
 memory: 04000000 @ 00000000 (usable)
Initrd not found or empty - disabling initrd
Zone PFN ranges:
  Normal   0x00000000 -> 0x00004000
Movable zone start PFN for each node
Early memory PFN ranges
    0: 0x00000000 -> 0x00004000
Built 1 zonelists in Zone order, mobility grouping on.  Total pages: 16256
Kernel command line: board=AP147 console=ttyS0,115200 mtdparts=spi0.0:128k(boot)                                          ro,1280k(kernel),6528k(rootfs),64k(config),64k(romfile),64k(rom),64k(radio) root                                          fstype=squashfs,jffs2 noinitrd
PID hash table entries: 256 (order: -2, 1024 bytes)
Dentry cache hash table entries: 8192 (order: 3, 32768 bytes)
Inode-cache hash table entries: 4096 (order: 2, 16384 bytes)
Primary instruction cache 64kB, VIPT, 4-way, linesize 32 bytes.
Primary data cache 32kB, 4-way, VIPT, cache aliases, linesize 32 bytes
Writing ErrCtl register=00000000
Readback ErrCtl register=00000000
Memory: 60580k/65536k available (2729k kernel code, 4956k reserved, 702k data, 2                                          40k init, 0k highmem)
SLUB: Genslabs=9, HWalign=32, Order=0-3, MinObjects=0, CPUs=1, Nodes=1
NR_IRQS:83
Calibrating delay loop... 432.53 BogoMIPS (lpj=2162688)
pid_max: default: 32768 minimum: 301
Mount-cache hash table entries: 512
Performance counters: mips/24K PMU enabled, 2 32-bit counters available to each                                           CPU, irq 13
NET: Registered protocol family 16
gpiochip_add: registered GPIOs 0 to 17 on device: ath79
MIPS: machine is Qualcomm Atheros AP147 reference board
registering PCI controller with io_map_base unset
ar71xx: invalid MDIO id 1
bio: create slab <bio-0> at 0
PCI host bridge to bus 0000:00
pci_bus 0000:00: root bus resource [mem 0x10000000-0x11ffffff]
pci_bus 0000:00: root bus resource [io  0x0000]
pci 0000:00:00.0: BAR 0: assigned [mem 0x10000000-0x101fffff 64bit]
pci 0000:00:00.0: BAR 6: assigned [mem 0x10200000-0x1020ffff pref]
pci 0000:00:00.0: using irq 40 for pin 1
Switching to clocksource MIPS
NET: Registered protocol family 2
IP route cache hash table entries: 1024 (order: 0, 4096 bytes)
TCP established hash table entries: 2048 (order: 2, 16384 bytes)
TCP bind hash table entries: 2048 (order: 1, 8192 bytes)
TCP: Hash tables configured (established 2048 bind 2048)
TCP reno registered
UDP hash table entries: 256 (order: 0, 4096 bytes)
UDP-Lite hash table entries: 256 (order: 0, 4096 bytes)
NET: Registered protocol family 1
squashfs: version 4.0 (2009/01/31) Phillip Lougher
fuse init (API version 7.18)
msgmni has been set to 118
io scheduler noop registered
io scheduler deadline registered (default)
Serial: 8250/16550 driver, 1 ports, IRQ sharing disabled
serial8250.0: ttyS0 at MMIO 0x18020000 (irq = 11) is a 16550A
console [ttyS0] enabled
loop: module loaded
m25p80 spi0.0: found mx25l6405d, expected m25p80
m25p80 spi0.0: mx25l6405d (8192 Kbytes)
7 cmdlinepart partitions found on MTD device spi0.0
Creating 7 MTD partitions on "spi0.0":
0x000000000000-0x000000020000 : "boot"
0x000000020000-0x000000160000 : "kernel"
0x000000160000-0x0000007c0000 : "rootfs"
mtd: partition "rootfs" set to be root filesystem
0x0000007c0000-0x0000007d0000 : "config"
0x0000007d0000-0x0000007e0000 : "romfile"
0x0000007e0000-0x0000007f0000 : "rom"
0x0000007f0000-0x000000800000 : "radio"
Register flash device:flash0
ag71xx_mdio: probed
ag71xx_mdio: probed
spiflash_ioctl_read, Read from 0x007df100 length 0x6, ret 0, retlen 0x6
read mac from flash(0x7DF100): 18-D6-C7-D8-0C-6E
eth0: Atheros AG71xx at 0xba000000, irq 5
eth0: Found an AR934X built-in switch
eth1: Atheros AG71xx at 0xb9000000, irq 4
ag71xx ag71xx.0: eth1: connected to PHY at ag71xx-mdio.1:04 [uid=004dd042, drive                                          r=Generic PHY]
PPP generic driver version 2.4.2
NET: Registered protocol family 24
Mirror/redirect action on
u32 classifier
    Actions configured
Netfilter messages via NETLINK v0.30.
nf_conntrack version 0.5.0 (1892 buckets, 7568 max)
GRE over IPv4 demultiplexor driver
ip_tables: (C) 2000-2006 Netfilter Core Team
TCP cubic registered
NET: Registered protocol family 10
ip6_tables: (C) 2000-2006 Netfilter Core Team
IPv6 over IPv4 tunneling driver
NET: Registered protocol family 17
NET: Registered protocol family 15
Ebtables v2.0 registered
8021q: 802.1Q VLAN Support v1.8
### of_selftest(): No testcase data in device tree; not running tests
VFS: Mounted root (squashfs filesystem) readonly on device 31:2.
Freeing unused kernel memory: 240k freed
starting pid 445, tty '': '/etc/init.d/rcS'
SCSI subsystem initialized
usbcore: registered new interface driver usbfs
usbcore: registered new interface driver hub
usbcore: registered new device driver usb
ehci_hcd: USB 2.0 'Enhanced' Host Controller (EHCI) Driver
ehci-platform ehci-platform.0: Generic Platform EHCI Controller
ehci-platform ehci-platform.0: new USB bus registered, assigned bus number 1
ehci-platform ehci-platform.0: irq 3, io mem 0x1b000000
ehci-platform ehci-platform.0: USB 2.0 started, EHCI 1.00
hub 1-0:1.0: USB hub found
hub 1-0:1.0: 1 port detected
hotplug_storage.c#getPrinterInfo(476): failed to open /proc/bus/usb/devices file                                          .
hotplug_storage.c#hotplug_leds(1931): error to read printer info from system fil                                          e.
ohci_hcd: USB 1.1 'Open' Host Controller (OHCI) Driver
Initializing USB Mass Storage driver...
usbcore: registered new interface driver usb-storage
USB Mass Storage support registered.
dns_init
domain_name:tplinkmodem.net
L2TP core driver, V2.0
PPPoL2TP kernel driver, V2.0

Please press Enter to activate this console. [ util_execSystem ] 136:  ipt_init                                           cmd is "/var/tmp/dconf/rc.router"

[ dm_readFile ] 2042:  can not open xml file /var/tmp/pc/reduced_data_model.xml!                                          , about to open file /etc/reduced_data_model.xml
spiflash_ioctl_read, Read from 0x007c0000 length 0x10000, ret 0, retlen 0x10000
spiflash_ioctl_read, Read from 0x007c0000 length 0x3040, ret 0, retlen 0x3040
[ dm_loadCfg ] 2254:  software version is not match, in config, version = 271585                                          328
[ dm_readFile ] 2042:  can not open xml file /var/tmp/pc/default_config.xml!, ab                                          out to open file /etc/default_config.xml
[ parseConfigNode ] 522:  Meet unrecognized object node "PhDDNSCfg", skip the no                                          de
[ parseConfigNode ] 527:  Meet unrecognized parameter node "PhDDNSCfg", skip the                                           node
[ parseConfigNode ] 522:  Meet unrecognized object nospiflash_ioctl_read, Read f                                          rom 0x007df100 length 0x6, ret 0, retlen 0x6
de "X_TP_WANUSB3spiflash_ioctl_read, Read from 0x007df200 length 0x4, ret 0, ret                                          len 0x4
gLinkConfig", skip the node
[ pspiflash_ioctl_read, Read from 0x00020000 length 0x1d0, ret 0, retlen 0x1d0
arseConfigNode ]spiflash_ioctl_read, Read from 0x007df100 length 0x6, ret 0, ret                                          len 0x6
 522:  Meet unrecognized object node "QueueManagement", skip the node
[ parseConfigNode ] 522:  Meet unrecognized object node "VoiceService", skip the                                           node
[ parseConfigNode ] 527:  Meet unrecognized parameter node "VoiceService", skip                                           the node
[ parseConfigNode ] 522:  Meet unrecognized object node "X_TP_CallFireWallCfg",                                           skip the node
[ parseConfigNode ] 522:  Meet unrecognized object node "X_TP_SpeedDialCfg", ski                                          p the node
[ parseConfigNode ] 522:  Meet unrecognized object node "X_TP_MultiIspDialPlan",                                           skip the node
[ parseConfigNode ] 522:  Meet unrecognized object node "X_TP_CallLogCfg", skip                                           the node
[ util_execSystem ] 136:  oal_initSysMode cmd is "ifconfig eth0 up"

ADDRCONF(NETDEV_UP): eth0: link is not ready
[ util_execSystem ] 136:  oal_initSysMode cmd is "ifconfig eth1 up"

ADDRCONF(NETDEV_UP): eth1: link is not ready
[ util_execSystem ] 136:  oal_initSysMode cmd is "vconfig add eth1 1; ifconfig e                                          th1.1 up"

ADDRCONF(NETDEV_UP): eth1.1: link is not ready
sendto: No such file or directory
pid 511 send 2001 error
[ util_execSystem ] 136:  oal_startDynDns cmd is "dyndns /var/tmp/dconf/dyndns.c                                          onf"

[ util_execSystem ] 136:  oal_startNoipDns cmd is "noipdns /var/tmp/dconf/noipdn                                          s.conf"

[ util_execSystem ] 136:  rsl_initEthSwitchObj c[ eth_vlan_write_proc ] 867: cle                                          ar VLAN...
md is "echo 2 > /proc/tplink/eth_vlan"

ioctl: No such device
[ util_execSystem ] 136:  oal_bspiflash_ioctl_read, Read from 0x007df100 length                                           0x6, ret 0, retlen 0x6
r_addBridge cmd is "brctl addbr br0;brctl setfd br0 0;brctl stp br0 off"

[ util_execSystem ] 136:  oal_ipt_addLanRules cmd is "iptables -t filter -A INPU                                          T -i br+ -j ACCEPT
"

[ util_execSystem ] 136:  oal_intf_setIntf cmd is "ifconfig br0 192.168.1.1 netm                                          ask 255.255.255.0 up"

[ util_execSystem ] 136:  oal_util_setProcLanAddr cmd is "echo "br0 3232235777,"                                           > /proc/net/conntract_LocalAddr"

[ util_execSystem ] 136:  oal_intf_enableIntf cmd device eth0 entered promiscuou                                          s mode
is "ifconfig eth0 up"

[ util_execSystem ] 136:  oal_br_addIntfIntoBridge cmd is "brctl addif br0 eth0"

[ util_execSystem ] 136:  oal_eth_setIGMPSnoopParam cmd is "brctl s[ eth_vlan_wr                                          ite_proc ] 862: set VLAN Enable...
etbrsnooping br0 1"

[ util_execSystem ] 136:  oal_intf_createVirtualPorts cmd is "echo 1 > /proc/tpl                                          ink/eth_vlan"

[ util_execSystem ] 136:  oal_intf_createVirtualPorts cmd is "vconfig add eth0 2                                          ;vconfig add eth0 3;vconfig add eth0 4;vconfig add eth0 5"

[ util_execSystem ] 136:  oal_br_delIntfFromBridge cmd is "brctl delif br0 eth0"


device eth0 left promiscuous mode
br0: port 1(eth0) entered disabled state
[ util_execSystem ] 136:  oal_intf_enableIntf cmd is "ifconfig eth0.2 up"

ADDRCONF(NETDEV_UP): eth0.2: link is not ready
[ util_execSystem ] 136:  oal_br_addIntfIntoBridge cmd is "brctl addif br0 eth0.                                          device eth0.2 entered promiscuous mode
2"

device eth0 entered promiscuous mode
[ util_execSystem ] 136:  oal_intf_enableIntf cmd is "ifconfig eth0.3 up"

ADDRCONF(NETDEV_UP): eth0.3: link is not ready
[ util_execSystem ] 136:  oal_br_addIntfIntoBridge cmd is "brctl addif br0 eth0.                                          device eth0.3 entered promiscuous mode
3"

[ util_execSystem ] 136:  oal_intf_enableIntf cmd is "ifconfig eth0.4 up"

ADDRCONF(NETDEV_UP): eth0.4: link is not ready
[ util_execSystem ] 136:  oal_br_addIntfIntoBridge cmd is "brctl addif br0 eth0.                                          device eth0.4 entered promiscuous mode
4"

[ util_execSystem ] 136:  oal_intf_enableIntf cmd is "ifconfig eth0.5 up"

ADDRCONF(NETDEV_UP): eth0.5: link is not ready
[ util_execSystem ] 136:  oal_br_addIntfIntoBridge cmd is "brctl addif br0 eth0.                                          device eth0.5 entered promiscuous mode
5"

*****The first two bytes of 2.4G caldata: 02 02*****
*****The first two bytes of 5.0G caldata: 44 08*****
[ util_execSystem ] 136:  oal_wlan_ath_loadDriver cmd is "insmod /lib/modules/as                                          f.ko"

asf: module license 'Proprietary' taints kernel.
Disabling lock debugging due to kernel taint
[ util_execSystem ] 136:  oal_wlan_ath_loadDriver cmd is "insmod /lib/modules/ad                                          f.ko"

****Address of trace_timer :831125f0
[ util_execSystem ] 136:  oal_wlan_ath_loadDriver cmd is "insmod /lib/modules/at                                          h_hal.ko"

eth1: link up (100Mbps/Full duplex)
ADDRCONF(NETDEV_CHANGE): eth1: link becomes ready
ADDRCONF(NETDEV_CHANGE): eth1.1: link becomes ready
ath_hal: 0.9.17.1 (AR5416, AR9380, REGOPS_FUNC, WRITE_EEPROM, TX_DATA_SWAP, RX_D                                          ATA_SWAP, 11D)
[ util_execSystem ] 136:  oal_wlan_ath_loadDriver cmd is "insmod /lib/modules/at                                          h_rate_atheros.ko"

ath_rate_atheros: Copyright (c) 2001-2005 Atheros Communications, Inc, All Right                                          s Reserved
[ util_execSystem ] 136:  oal_wlan_ath_loadDriver cmd is "insmod /lib/modules/at                                          h_dfs.ko"

ath_dfs: Version 2.0.0
Copyright (c) 2005-2006 Atheros Communications, Inc. All Rights Reserved
[ util_execSystem ] 136:  oal_wlan_ath_loadDriver cmd is "insmod /lib/modules/at                                          h_spectral.ko"

insmod: can't insert '/lib/modules/ath_spectral.ko': No such file or directory
[ util_execSystem ] 136:  oal_wlan_ath_loadDriver cmd is "insmath_tx99: Version                                           2.0
Copyright (c) 2010 Atheros Communications, Inc, All Rights Reserved
od /lib/modules/hst_tx99.ko"

[ util_execSystem ] 136:  oal_wlan_ath_loadDriver cmd is "insmod /lib/modules/at                                          h_dev.ko"

ath_dev: Copyright (c) 2001-2007 Atheros Communications, Inc, All Rights Reserve                                          d
[ util_execSystem ] 136:  oal_wlan_ath_loadDriver cmd is "insmod /lib/modules/um                                          ac.ko"

__ath_attach: Set global_scn[0]
*** All the minfree values should be <= ATH_TXBUF-32, otherwise default value wi                                          ll be used instead ***
ACBKMinfree = 48
ACBEMinfree = 32
ACVIMinfree = 16
ACVOMinfree = 0
CABMinfree = 48
UAPSDMinfree = 0
ATH_TXBUF=540
Enterprise mode: 0x03fc0000
[ar9300_eeprom_restore_internal]:4808 2.4G in flash
Restoring Cal data from Flash
spiflash_ioctl_read, Read from 0x007f1000 length 0x440, ret 0, retlen 0x440
2 2
[ar9300_eeprom_restore_internal]:4810 2.4G read len 1088 from flag
Green-AP : Green-AP : Attached

ath_get_caps[6147] rx chainmask mismatch actual 3 sc_chainmak 0
ath_get_caps[6122] tx chainmask mismatch actual 3 sc_chainmak 0
ath_attach_dfs[12621] dfsdomain 1
osif_wrap_attach:280 osif wrap attached
osif_wrap_devt_init:900 osif wrap dev table init done
ath_tx_paprd_init sc 83200000 PAPRD disabled in HAL
wifi0: Atheros ???: mem=0xb8100000, irq=47
ath_pci: 10.2.3.31 (Atheros/multi-bss)
ath_pci_probe
PCI device id is 003c :003c
ath_pci 0000:00:00.0: BAR 0: assigned [mem 0x10000000-0x101fffff 64bit]
PCI: Enabling device 0000:00:00.0 (0000 -> 0002)
ath_pci 0000:00:00.0: ath DEBUG: sc=0x8237a600

 ol_ath_pci_configure : num_desired MSI set to 0

 Using PCI Legacy Interrupt
CE_per_engine_handler_adjust, base=8237a600 offset=57400
CE_per_engine_handler_adjust, base=8237a600 offset=57800
__ol_ath_attach: ath_attach TODO
__ol_ath_attach: dev name wifi1
ol_ath_set_default_tgt_config : AC Minfree buffer allocation through module para                                          m (umac.ko)
 OL_ACBKMinfree : 0
 OL_ACBEMinfree : 0
 OL_ACVIMinfree : 0
 OL_ACVOMinfree : 0
ol_ath_attach() BMI inited.
ol_ath_attach() BMI Get Target Info.
ol_ath_attach() TARGET TYPE: 7 Vers 0x4100016c
NUM_DEV=1 FWMODE=0x2 FWSUBMODE=0x0 FWBR_BUF 0
ol_ath_attach() configure Target .
spiflash_ioctl_read, Read from 0x007f5000 length 0x844, ret 0, retlen 0x844
44 8
qc98xx_verify_checksum: flash checksum passed: 0xe9e1
ol_transfer_bin_file 2193: Download Flash data len 2116
ol_transfer_bin_file 2099: Download Firmware data len 227216
open DNS error: No such file or directory
[ oal_sys_getOldTZInfo ] 403:  Open TZ file error!
[ util_execSystem ] 136:  oal_sys_unsetTZ cmd is "echo "" > /etc/TZ"

[ util_execSystem ] 136:  oal_sys_unsetTZ cmd is "echo "" > /etc/TZ"

ol_ath_attach() Download FW.
ol_ath_attach() HT Create .
ol_ath_attach() HIF Claim.
ol_ath_attach() BMI Done.
ol_ath_attach() WMI attached. wmi_handle 82400000
+HWT
SOC_RESET_CONTROL_ADDRESS : 800
CPU_INTR_ADDRESS = [0]
SOC_GLOBAL_RESET_ADDRESS = [0]
Rx_Filter : [0]
CE_per_engine_handler_adjust, base=8237a600 offset=57400
CE_per_engine_handler_adjust, base=8237a600 offset=57800
CE_per_engine_handler_adjust, base=8237a600 offset=57c00
CE_per_engine_handler_adjust, base=8237a600 offset=58000
CE_per_engine_handler_adjust, base=8237a600 offset=58400
CE_per_engine_handler_adjust, base=8237a600 offset=58800
CE_recv_buf_enqueue 653 Populate last entry 512 for CE 5
CE_recv_buf_enqueue 662 CE 5 wi 511 dest_ptr 0x1dff020 nbytes 0 recv_ctxt 0x81d4                                          6e40
-HWT
HTC Service:0x0300 ep:1 TX flow control disabled
CE_pkt_dl_len_set CE 4 Pkt download length 64
ol_txrx_pdev_attach: 1424 tx desc's allocated ; range starts from 81a40000
HTC Service:0x0100 ep:2 TX flow control disabled
wmi_service_ready_event_rx:  WMI UNIFIED SERVICE READY event
num_rf_chain : 00000002
ht_cap_info: : 0000085b
vht_cap_info : 338001b2
vht_supp_mcs : 0000fffa
FIRMWARE:P 49 V 16 T 155

FIRMWARE:_wlan_rtt_enable
wmi_ready_event_rx:  WMI UNIFIED READY event
ol_ath_connect_htc() WMI is ready
ol_ath_set_host_app_area TODO
target uses HTT version 2.1; host uses 2.1
ol_ath_attach() connect HTC.
bypasswmi : 0
ol_regdmn_start: reg-domain param: regdmn=0, countryName=, wModeSelect=FFFFFFFF,                                           netBand=FFFFFFFF, extendedChanMode=0.
ol_regdmn_init_channels: !avail mode 0x1f9001 (0x2) flags 0x2150
ol_regdmn_init_channels: !avail mode 0x1f9001 (0x4) flags 0xa0
ol_regdmn_init_channels: !avail mode 0x1f9001 (0x8) flags 0xc0
ol_regdmn_init_channels: !avail mode 0x1f9001 (0x20) flags 0xd0
ol_regdmn_init_channels: !avail mode 0x1f9001 (0x40) flags 0x150
ol_regdmn_init_channels: !avail mode 0x1f9001 (0x800) flags 0x10080
ol_regdmn_init_channels: !avail mode 0x1f9001 (0x2000) flags 0x20080
ol_regdmn_init_channels: !avail mode 0x1f9001 (0x4000) flags 0x40080
Add VHT80 channel: 5210
Add VHT80 channel: 5290
Add VHT80 channel: 5530
Add VHT80 channel: 5610
Add VHT80 channel: 5690
Add VHT80 channel: 5775
Skipping VHT80 channel 5825
ol_ath_phyerr_attach: called
OL Resmgr Init-ed
Green-AP : Green-AP : Attached

Green-AP : Attached
ol_if_dfs_setup: called
ol_if_dfs_attach: called; ptr=81a35974, radar_info=830ebb78
ol_ath_rtt_meas_report_attach: called
ol_ath_attach() UMAC attach .
ol_if_dfs_configure: called
ol_if_dfs_configure: FCC domain
ol_if_dfs_disable: called
ol_ath_attach: Calling ol_if_dfs_configure
osif_wrap_attach:280 osif wrap attached
osif_wrap_devt_init:900 osif wrap dev table init done
__ol_ath_attach: init tx/rx TODO
__ol_ath_attach: hard_header_len reservation 58
[ util_execSystem ] 136:  oal_wlan_ath_loadDriver cmd is "insmod /lib/modules/at                                          h_pktlog.ko"

Initializing Pktlogs for 11ac
[ util_execSystem ] 136:  oal_wlan_ath_loadDriver cmd is "ifconfig wifi0 down"

[ util_execSystem ] 136:  oal_wlan_ath_loadDriver cmd is "ifconfig wifi0 hw ethe                                          r 18:D6:C7:D8:0C:6E"

[ util_execSystem ] 136:  oal_wlan_ath_loadDriver cmd is "iwpriv wifi0 txchainma                                          sk 3"

[ util_execSystem ] 136:  oal_wlan_ath_loadDriver cmd is "iwpriv wifi0 rxchainma                                          sk 3"

[ util_execSystem ] 136:  oal_wlan_ath_loadDriver cmd is "ifconfig wifi0 up"

[ util_execSystem ] 136:  oal_wlan_ath_loadDriver cmd is "iwpriv wifi0 enable_ol                                          _stats 1"

Invalid command : enable_ol_stats
[ util_execSystem ] 136:  oal_wlan_ath_createVap cmd is "wlanconfig ath0 create                                           wlandev wifi0 wlanmode ap"

wlan_vap_create : enter. devhandle=0x83230380, opmode=IEEE80211_M_HOSTAP, flags=                                          0x1
wlan_vap_create : exit. devhandle=0x83230380, opmode=IEEE80211_M_HOSTAP, flags=0                                          x1.
VAP device ath0 created osifp: (81b0db80) os_if: (81b04000)
ath0
[ util_execSystem ] 136:  oal_wlan_ath_createVap cmd is "wlanconfig ath1 create                                           wlandev wifi0 wlanmode sta nosbeacon"

wlan_vap_create : enter. devhandle=0x83230380, opmode=IEEE80211_M_STA, flags=0x3
wlan_vap_create : exit. devhandle=0x83230380, opmode=IEEE80211_M_STA, flags=0x3.
VAP device ath1 created osifp: (8224c380) os_if: (82250000)
ath1
[ util_execSystem ] 136:  oal_wlan_ath_createVap cmd is "iwpriv ath1 wds 1"

[ util_execSystem ] 136:  oal_wlan_ath_createVap cmd is "iwpriv ath1 extap 1"

[ util_execSystem ] 136:  oal_wlan_ath_createMssidVap cmd is "wlanconfig ath2 cr                                          wlan_vap_create : enter. devhandle=0x83230380, opmode=IEEE80211_M_HOSTAP, flags=                                          0x1
eate wlandev wifwlan_vap_create : exit. devhandle=0x83230380, opmode=IEEE80211_M                                          _HOSTAP, flags=0x1.
VAP device ath2 created osifp: (8224eb80) os_if: (8225c000)


ath2
[ util_execSystem ] 136:  oal_wlan_ath_setWlanBasicCfg cmd is "iwconfig ath0 ess                                          id 'T''P''-''L''I''N''K''_''0''C''6''E'"


 DES SSID SET=TP-LINK_0C6E
[ util_execSystem ] 136:  oal_wlan_ath_setWlanBasicCfg cmd is "iwpriv ath0 hide_                                          ssid 0"

[ util_execSystem ] 136:  oal_wlan_ath_setWlanBasicCfg cmd is "ifconfig wifi0 do                                          wn"

[ util_execSystem ] 136:  oal_wlan_ath_setWlanBasicCfg cmd is "iwpriv wifi0 setC                                          ath_attach_dfs[12621] dfsdomain 1
ountry DE"

[ util_execSystem ] 136:  oal_wlan_ath_setWlanBasicCfg cmd is "ifconfig wifi0 up                                          "

[ util_execSystem ] 136:  oal_wlan_ath_setWlanBasicCfg cmd is "iwpriv ath0 mode                                           11NGHT40"

[ util_execSystem ] 136:  oal_wlan_ath_setWlanBasicCfg cmd is "iwconfig ath0 cha                                          Set freq vap stop send + 81b04000
nnel auto"

Set freq vap stop send -81b04000
Set wait done --81b04000
Set freq vap stop send + 82250000
Set freq vap stop send -82250000
[wifi1] FWLOG: [22355] WAL_DBGID_TX_AC_BUFFER_SET ( 0x3, 0x1e, 0x460, 0x460, 0x0                                           )
[wifi1] FWLOG: [22355] WAL_DBGID_TX_AC_BUFFER_SET ( 0x12, 0x1e, 0x460, 0x460, 0x                                          0 )
[wifi1] FWLOG: [22355] WAL_DBGID_TX_AC_BUFFER_SET ( 0x45, 0x1e, 0x460, 0x460, 0x                                          0 )
[wifi1] FWLOG: [22355] WAL_DBGID_TX_AC_BUFFER_SET ( 0x67, 0x1e, 0x460, 0x460, 0x                                          0 )
[wifi1] FWLOG: [22359] WHAL_ERROR_RECV_STOPPCU ( 0x110298a, 0x3 )
[wifi1] FWLOG: [22359] WHAL_ERROR_RESET_PM (  )
[wifi1] FWLOG: [22511] ANI Enable:  1
Set wait done --82250000
Set freq vap stop send + 8225c000
Set freq vap stop send -8225c000
Set wait done --8225c000
[ util_execSystem ] 136:  oal_wlan_ath_setWlanBasicCfg cmd is "iwpriv ath0 pureg                                           0"

[ util_execSystem ] 136:  oal_wlan_ath_setWlanBasicCfg cmd is "iwpriv ath0 puren                                           0"

[ util_execSystem ] 136:  oal_wlan_ath_setWlanBasicCfg cmd is "iwpriv ath0 doth                                           0"

[ util_execSystem ] 136:  oal_wlan_ath_setWlanBasicCfg cmd is "iwpriv ath0 count                                          ryie 0"

[ util_execSystem ] 136:  oal_wlan_ath_setWlanBasicCfg cmd is "iwpriv ath0 mcast                                          enhance 2"

[ util_execSystem ] 136:  oal_wlan_ath_setWlanAdvCfg cmd is "iwpriv wifi0 tpscal                                          e 0"

[ util_execSystem ] 136:  oal_wlan_ath_setWlanAdvCfg cmd is "iwconfig ath0 rts 2                                          346"

[ util_execSystem ] 136:  oal_wlan_ath_setWlanAdvCfg cmd is "iwpriv ath0 bintval                                           200"

[ util_execSystem ] 136:  oal_wlan_ath_setWlanAdvCfg cmd is "iwWARNING: Fragment                                          ation with HT mode NOT ALLOWED!!
config ath0 frag 2346"

Error for wireless request "Set Fragmentation Threshold" (8B24) :
    SET failed on device ath0 ; Invalid argument.
[ util_execSystem ] 136:  oal_wlan_ath_setWlanAdvCfg cmd is "iwpriv ath0 dtim_pe                                          riod 1"

[ util_execSystem ] 136:  oal_wlan_ath_setWlanAdvCfg cmd is "iwpriv ath0 shortgi                                           1"

[ util_execSystem ] 136:  oal_wlan_ath_setWlanAdvCfg cmd is "iwpriv ath0 wmm 1"

[ util_execSystem ] 136:  oSetting Max Stations:32
al_wlan_ath_setWlanAdvCfg cmd is "iwpriv ath0 ap_bridge 1"

[ util_execSystem ] 136:  oal_wlan_ath_setWlanAdvCfg cmd is "iwpriv ath0 maxsta                                           32"

[ util_execSystem ] 136:  oal_wlan_ath_setSec cmd is "iwpriv ath0 privacy 1"

[ util_execSystem ] 136:  oal_wlan_ath_setSec cmd is "iwconfig ath0 key off"

[ util_execSystem ] 136:  oal_wlan_ath_setSecPsk cmd is "iwpriv ath0 authmode 5"

[ util_execSystem ] 136:  oal_wlan_ath_setWlanWdsCfg cmd is "iwpriv ath1 mode 11                                          NGHT40"

[ util_execSystem ] 136:  oal_wlan_ath_setSec cmd is "iwconfig ath1 key off"

[ util_execSystem ] 136:  oal_wlan_ath_setSec cmd is "iwpriv ath1 privacy 0"

[ util_execSystem ] 136:  oal_wlan_ath_setSe
 DES SSID SET=TP-LINK_Guest_0C6E
c cmd is "iwpriv ath1 authmode 1"

[ util_execSystem ] 136:  oal_wlan_ath_setMSSIDBasicCfg cmd is "iwconfig ath2 es                                          sid 'T''P''-''L''I''N''K''_''G''u''e''s''t''_''0''C''6''E'"

[ util_execSystem ] 136:  oal_wlan_ath_setMSSIDBasicCfg cmd is "iwpriv ath2 Set                                           freq vap stop send + 81b04000
hide_ssid 0"

Set freq vap stop send -81b04000
[ util_execSystem ] 136:  oal_wlan_ath_setMSSIDBasicCfg cmd is "iwpriv ath2 mode                                           11NGHT40"

[ util_execSystem ] 136:  oal_wlan_ath_setMSSIDBasicCfg cmd is "iwconfig ath2 ch                                          annel auto"

Set wait done --81b04000
Set freq vap stop send + 82250000
Set freq vap stop send -82250000
Set wait done --82250000
Set freq vap stop send + 8225c000
Set freq vap stop send -8225c000
Set wait done --8225c000
[ util_execSystem ] 136:  oal_wlan_ath_setMSSIDBasicCfg cmd is "iwpriv ath2 pure                                          g 0"

[ util_execSystem ] 136:  oal_wlan_ath_setMSSIDBasicCfg cmd is "iwpriv ath2 pure                                          n 0"

[ util_execSystem ] 136:  oal_wlan_ath_setMSSIDBasicCfg cmd is "iwpriv ath2 mcas                                          tenhance 2"

[ util_execSystem ] 136:  oal_wlan_ath_setMSSIDAdvCfg cmd is "iwconfig ath2 rts                                           2346"

[ util_execSystem ] 136:  oal_wlan_ath_setMSSIDAdvCfg cmd is "iwpriv ath2 bintva                                          l 200"

[ util_execSystem ] 136:  oal_wlan_ath_setMSSIWARNING: Fragmentation with HT mod                                          e NOT ALLOWED!!
DAdvCfg cmd is "iwconfig ath2 frag 2346"

Error for wireless request "Set Fragmentation Threshold" (8B24) :
    SET failed on device ath2 ; Invalid argument.
[ util_execSystem ] 136:  oal_wlan_ath_setMSSIDAdvCfg cmd is "iwpriv ath2 dtim_p                                          eriod 1"

[ util_execSystem ] 136:  oal_wlan_ath_setMSSIDAdvCfg cmd is "iwpriv ath2 shortg                                          i 1"

[ util_execSystem ] 136:  oal_wlan_ath_setMSSIDAdvCfg cmd is "iwpriv ath2 wmm 1"

[ utilSetting Max Stations:32
_execSystem ] 136:  oal_wlan_ath_setMSSIDAdvCfg cmd is "iwpriv ath2 ap_bridge 1"

[ util_execSystem ] 136:  oal_wlan_ath_setMSSIDAdvCfg cmd is "iwpriv ath2 maxsta                                           32"

[ util_execSystem ] 136:  oal_wlan_ath_setSec cmd is "iwconfig ath2 key off"

[ util_execSystem ] 136:  oal_wlan_ath_setSec cmd is "iwpriv ath2 privacy 0"

[ util_execSystem ] 136:  oal_wlan_ath_setSec cmd is "iwpriv ath2 authmode 1"

[ util_execSystem ] 136:  oal_wlan_ath_setWlanAclCfg cmd is "iwpriv ath0 maccmd                                           0"

[ util_execSystem ] 136:  oal_wlan_ath_dealOtherVap cmd is "iwpriv ath2 maccmd 0                                          "

[ util_execSystem ] 136:  oal_wlan_ath_closeVap cmd is "ifconfig ath1 down"

[ util_execSystem ] 136:  oal_wlan_ath_closeVap cmd is "echo 0 > /proc/tplink/le                                          d_wlan_24G"

[ util_execSystem ] 136:  oal_wlan_ath_closeVap cmd is "ifconfig ath2 down"

[ util_execSystem ] 136:  oal_wlan_ath_closeVap cmd is "echo 0 > /proc/tplink/le                                          d_wlan_24G"

[ util_execSystem ] 136:  oal_wlan_ath_closeVap cmd is "ifconfig ath0 down"

[ util_execSystem ] 136:  oal_wlan_ath_closeVap cmd is "echo 0 > /proc/tplink/le                                          d_wlan_24G"

[ util_execSystem ] 136:  oal_wlan_ath_updateCfgFile cmd is "hostapd /var/Wirele                                          ss/2_4G_topology.conf &"

Reading topology file /var/Wireless/2_4G_topology.conf ...
807.461: Reading radio configuration file /var/Wireless/2_4G_80211g.ap_radio ...

807.462: Reading bss configuration file /var/Wireless/ath0.ap_bss ...

 ieee80211_ioctl_siwmode: imr.ifm_active=131712, new mode=3, valid=1
Using interface ath0 with hwaddr 18:d6:c7:d8:0c:6e and ssid 'TP-LINK_0C6E'

 DES SSID SET=TP-LINK_0C6E
807.735: upnp_wps_device_init called
l2_packet_receive - recvfrom: Network is down
[ util_execSystem ] 136:  oal_wlan_ath_closeVap cmd is "ifconfig ath1 down"

[ util_execSystem ] 136:  oal_wlan_ath_closeVap cmd is "echo 0 > /proc/tplink/le                                          d_wlan_24G"

[ util_execSystem ] 136:  oal_wlan_ath_closeVap cmd is "ifconfig ath2 down"

[ util_execSystem ] 136:  oal_wlan_ath_closeVap cmd is "echo 0 > /proc/tplink/le                                          d_wlan_24G"

[ util_execSystem ] 136:  oal_wlan_ath_closeVap cmd is "ifconfig ath0 down"

[ util_execSystem ] 136:  oal_wlan_ath_closeVap cmd is "echo 0 > /proc/tplink/le                                          d_wlregiste callback function for ath0
an_24G"

[ util_execSystem ] 136:  oal_wlan_ath_openVap cmd is "iwpriv ath0 vap_ind 1"

[ util_execSystem ] 136:  oal_wlan_ath_openVap cmd is "ifconfig ath0 up"

atheros_wireless8021q: adding VLAN 0 to HW filter on device ath0
_event_receive:Malformed netlink message: len=1000 left=512 plen=984
512 extra bytes in the end of netlink message
[ util_execSystem ] 136:  oal_wlan_ath_openVap cmd is "echo 1 > /proc/tplink/led                                          _wlan_24G"

[ util_execSyregiste callback function for ath0
stem ] 136:  oal_wlan_ath_openVap cmd is "iwpriv ath0 disablecoext 0"

[ util_execSystem ] 136:  oal_br_addIntfIntoBridge cmd is "brctl addif br0 ath0"                                          device ath0 entered promiscuous mode


br0: port 5(ath0) entered forwarding state
br0: port 5(ath0) entered forwarding state
atheros_wireless_event_receive:Malformed netlink message: len=996 left=512 plen=                                          980
512 extra bdevice ath1 entered promiscuous mode
ytes in the end of netlink message
[ util_execSystem ] 136:  oal_br_addIntfIntoBridge cmd is "brctl addif br0 ath1"

[ util_execSystem ] 136:  oal_br_addIntfIntoBridge cmd idevice ath2 entered prom                                          iscuous mode
s "brctl addif br0 ath1"

brctl: bridge br0: Device or resource busy
[ util_execSystem ] 136:  oal_br_addIntfIntoBridge cmd is "brctl addif br0 ath2"

*****The first two bytes of 2.4G caldata: 02 02*****
*****The first two bytes of 5.0G caldata: 44 08*****
[ util_execSystem ] 136:  oal_wlan_ath_loadDriver cmd is "ifconfig wifi1 down"

[ util_execSystem ] 136:  oal_wlan_ath_loadDriver cmd is "ifconfig wifi1 hw ethe                                          r 18:D6:C7:D8:0C:70"

atheros_wireless_event_receive:Malformed netlink message: len=1000 left=512 plen                                          =984
512 extra bytes in the end of netlink message
[ util_execSystem ] 136:  oal_wlan_ath_loadDriver cmd is "iwpriv wifi1 burst 1"

[ util_execSystem ] 136:  oal_wlan_ath_loadDriver cmd is "iwpriv wifi1 txchainma                                          sk 3"

[ util_execSystem ] 136:  oalath_ioctl: SIOC80211IFCREATE CALLED
_wlan_ath_loadDrwmi_unified_vdev_create_send: ID = 0 VAP Addr = 18:d6:c7:d8:0c:7                                          0:
iver cmd is "iwpSetting dscp for vap id: 0
riv wifi1 rxchaiVAP device ath5 created osifp: (81b3a380) os_if: (81b44000)
nmask 3"

[ util_execSystem ] 136:  oal_wlan_ath_loadDriver cmd is "ifconfig wifi1 up"

atheros_wireless_event_receive:Malformed netlink message: len=1004 left=512 plen                                          =988
512 extra byteath_ioctl: SIOC80211IFCREATE CALLED
s in the end of wmi_unified_vdev_create_send: ID = 1 VAP Addr = 1a:d6:c7:d8:0c:7                                          0:
wmi_unified_set_psmode:set psmode=1

[ util_execSystSetting dscp for vap id: 1
em ] 136:  oal_wVAP device ath6 created osifp: (81b68b80) os_if: (81b6c000)
lan_ath_loadDriver cmd is "iwpriv wifi1 enable_ol_stats 1"

[ util_execSystem ] 136:  oal_wlan_ath_createVap cmd is "wlanconfig ath5 create                                           wlandev wifi1 wlanmode ap"

atheros_wireless_evewmi_unified_set_psmode:set psmode=0
nt_receive:Malfowmi_unified_set_psmode:set psmode=0
rmed netlink message: len=1000 left=512 plen=984
512 extra bytes in the end of netlink message
ath5
[ util_exwmi_unified_set_psmode:set psmode=0
ecSystem ] 136: wmi_unified_set_psmode:set psmode=0
 oal_wlan_ath_createVap cmd is "wlanconfig ath6 create wlandev wifi1 wlanmode st                                          a nosbeacon"

ath_ioctl: SIOC80211IFCREATE CALLED
ath6
atheros_wiwmi_unified_vdev_create_send: ID = 2 VAP Addr = 2a:d6:c7:d8:0c:70:
reless_event_recSetting dscp for vap id: 2
eive:Malformed nVAP device ath7 created osifp: (81b6ab80) os_if: (81b84000)
etlink message: len=1000 left=512 plen=984
512 extra bytes in the end of netlink message
[ util_execSystem ] 136:  oal_wlan_ath_createVap cmd is "iwpriv ath6 wds 1"

[ util
 DES SSID SET=TP-LINK_0C6E_5G
_execSystem ] 136:  oal_wlan_ath_createVap cmd is "iwpriv ath6 extap 1"

[ util_execSystem ] 136:  oal_wlan_ath_createMssidVap cmd is "wlanconfig ath7 cr                                          eate wlandev wifi1 wlanmode ap"

atheros_wireless_event_receive:Malformed netlink message: len=1000 left=512 plen                                          =984
512 extra by[ol_ath_iw_setcountry][1442] *p=44, *(p+1)=45
tes in the end oisCountryCodeValid: EEPROM regdomain 0x0
f netlink messagol_regdmn_init_channels: !avail mode 0x1f9001 (0x2) flags 0x2150
e
ath7
[ util_ol_regdmn_init_channels: !avail mode 0x1f9001 (0x4) flags 0xa0
execSystem ] 136ol_regdmn_init_channels: !avail mode 0x1f9001 (0x8) flags 0xc0
:  oal_wlan_ath_ol_regdmn_init_channels: !avail mode 0x1f9001 (0x20) flags 0xd0
setWlanBasicCfg ol_regdmn_init_channels: !avail mode 0x1f9001 (0x40) flags 0x150
cmd is "iwconfigol_regdmn_init_channels: !avail mode 0x1f9001 (0x800) flags 0x10                                          080
 ath5 essid 'T''ol_regdmn_init_channels: !avail mode 0x1f9001 (0x2000) flags 0x2                                          0080
P''-''L''I''N''Kol_regdmn_init_channels: !avail mode 0x1f9001 (0x4000) flags 0x4                                          0080
''_''0''C''6''E'Add VHT80 channel: 5210
'_''5''G'"

[ Add VHT80 channel: 5290
util_execSystem Add VHT80 channel: 5530
] 136:  oal_wlanAdd VHT80 channel: 5610
_ath_setWlanBasiSkipping VHT80 channel 5660
cCfg cmd is "iwpSkipping VHT80 channel 5680
riv ath5 hide_ssSkipping VHT80 channel 5700
id 0"

[ util_execSystem ] 136:  oal_wlan_ath_setWlanBasicCfg cmd is "ifconfig wifi1 do                                          wn"

atheros_wireless_event_receive:Malformed netlink message: len=1004 left=512 plen                                          =988
512 extra bytes in the end of netlink message
[ util_execSystem ] 136:  oal_wlan_ath_setWlanBasicCfg cmd Set freq vap stop sen                                          d + 81b44000
is "iwpriv wifi1OL vap_stop +
wmi_unified_vdev_stop_send for vap 0 (82400000)


[ util_execSyOL vap_stop -
stem ] 136:  oalSTOPPED EVENT for vap 0 (82400000)
_wlan_ath_setWlaSet freq vap stop send -81b44000
nBasicCfg cmd is "ifconfig wifi1 up"

atheros_wireless_event_receive:Malformed netlink message: len=1004 left=512 plen                                          =988
512 extra bytes in the end of netlink message
[ util_execSystem ] 136:  oal_wlan_ath_setWlanBasicCfg cmd is "iwpriv ath5 mode                                           11ACVHT80"

[ util_execSystem ] 136:  oal_wlan_ath_setWlanBasicCfg cmd is "iwconfig ath5 cha                                          nnel auto"

Set wait done --81b44000
Set freq vap stop send + 81b6c000
Set freq vap stop send -81b6c000
Set wait done --81b6c000
Set freq vap stop send + 81b84000
OL vap_stop +
wmi_unified_vdev_stop_send for vap 2 (82400000)
OL vap_stop -
STOPPED EVENT for vap 2 (82400000)
Set freq vap stop send -81b84000
Set wait done --81b84000
[ util_execSystem ] 136:  oal_wlan_ath_setWlanBasicCfg cmd is "iwpriv ath5 pureg                                           0"

[ util_execSystem ] 136:  oal_wlan_ath_setWlanBasicCfg cmd is "iwpriv ath5 puren                                           0"

[ util_execSystem ] 136:  oal_wlan_ath_setWlanBasicCfg cmd is "iwpriv ath5 doth                                           0"

[ util_execSystem ] 136:  oal_wlan_ath_setWlanBasicCfg cmd is "iwpriv ath5 count                                          ryie 0"

[ util_execSystem ] 136:  oal_wlan_ath_setWlanBasicCfg cmd is "iwpriv ath5 mcast                                          enhanol_ath_desc_alloc_and_mark_for_mcast_clone: VAP Mcast to Unicast buffer all                                          ocated: 400
ce 2"

ol_ath_vap_set_param: VAP param is now supported param:66 value:2
[ util_execSystem ] 136:  oal_wlan_ath_setWlanAdvCfg cmd is "iwpriv wifi1 tpscal                                          e 0"

[ util_execSystem ] 136:  oal_wlan_ath_setWlanAdvCfg cmd is "iwconfig ath5 rts 0                                          "

[ util_execSystem ] 136:  oal_wlan_ath_setWlanAdvCfg cmd is "iwpriv ath5 bintval                                           200"

[ util_execSystem ] 136:  oal_wlan_ath_setWlanAdvCfg cmd is "iwcWARNING: Fragmen                                          tation with HT mode NOT ALLOWED!!
onfig ath5 frag 2346"

Error for wireless request "Set Fragmentation Threshold" (8B24) :
    SET failed on device ath5 ; Invalid argument.
[ util_execSystem ] 136:  oal_wlan_ath_setWlanAdvCfg cmd is "iwpriv ath5 dtim_pe                                          riod 1"

[ util_execSystem ] 136:  oal_wlan_ath_setWlanAdvCfg cmd is "iwpriv ath5 shortgi                                           1"

[ util_execSystem ] 136:  oal_wlan_ath_setWlanAdvCfg cmd is "iwpriv ath5 wmm 1"

[ util_execSystem ] 136:  oal_wlan_ath_setWlSetting Max Stations:32
anAdvCfg cmd is "iwpriv ath5 ap_bridge 1"

[ util_execSystem ] 136:  oal_wlan_ath_setWlanAdvCfg cmd is "iwpriv ath5 maxsta                                           32"

[ util_execSystem ] 136:  oal_wlan_ath_setSec cmd is "iwpriv ath5 privacy 1"

[ util_execSystem ] 136:  oal_wlan_ath_setSec cmd is "iwconfig ath5 key off"

[ util_execSystem ] 136:  oal_wlan_ath_setSecPsk cmd is "iwpriv ath5 authmode 5"

[ util_execSystem ] 136:  oal_wlan_ath_setWlanWdsCfg cmd is "iwpriv ath6 mode 11                                          ACVHT80"

[ util_execSystem ] 136:  oal_wlan_ath_setSec cmd is "iwconfig ath6 key off"

[ util_execSystem ] 136:  oal_wlan_ath_setSec cmd is "iwpriv ath6 privacy 0"

[ util_execSystem ] 136:  oal_wlan_ath_setSec cmd is "iwpriv
 DES SSID SET=TP-LINK_Guest_0C6E_5G
 ath6 authmode 1"

[ util_execSystem ] 136:  oal_wlan_ath_setMSSIDBasicCfg cmd is "iwconfig ath7 es                                          sid 'T''P''-''L''I''N''K''_''G''u''e''s''t''_''0''C''6''E''_''5''G'"

[ util_execSystem ] 136:  oal_wlan_ath_setMSSIDBasicCfg cmd is "iwpriv ath7 hide                                          _ssSet freq vap stop send + 81b44000
id 0"

[ util_OL vap_stop +
execSystem ] 136wmi_unified_vdev_stop_send for vap 0 (82400000)
:  oal_wlan_ath_OL vap_stop -
setMSSIDBasicCfgSTOPPED EVENT for vap 0 (82400000)
 cmd is "iwpriv Set freq vap stop send -81b44000
ath7 mode 11ACVHT80"

[ util_execSystem ] 136:  oal_wlan_ath_setMSSIDBasicCfg cmd is "iwconfig ath7 ch                                          annel auto"

Set wait done --81b44000
Set freq vap stop send + 81b6c000
Set freq vap stop send -81b6c000
Set wait done --81b6c000
Set freq vap stop send + 81b84000
OL vap_stop +
wmi_unified_vdev_stop_send for vap 2 (82400000)
OL vap_stop -
STOPPED EVENT for vap 2 (82400000)
Set freq vap stop send -81b84000
Set wait done --81b84000
[ util_execSystem ] 136:  oal_wlan_ath_setMSSIDBasicCfg cmd is "iwpriv ath7 pure                                          g 0"

[ util_execSystem ] 136:  oal_wlan_ath_setMSSIDBasicCfg cmd is "iwpriv ath7 pure                                          n 0"

[ util_execSystem ] 136:  oal_wlan_ath_setMSSIDBasicCfg cmd is "iwpriv ath7 mcas                                          ol_ath_vap_set_param: VAP param is now supported param:66 value:2
tenhance 2"

[ util_execSystem ] 136:  oal_wlan_ath_setMSSIDAdvCfg cmd is "iwconfig ath7 rts                                           0"

[ util_execSystem ] 136:  oal_wlan_ath_setMSSIDAdvCfg cmd is "iwpriv ath7 bintva                                          l 200"

[ util_execSystem ] 136:  oal_wlan_ath_setMSSIDAdvCfg cmd is "iwWARNING: Fragmen                                          tation with HT mode NOT ALLOWED!!
config ath7 frag 2346"

Error for wireless request "Set Fragmentation Threshold" (8B24) :
    SET failed on device ath7 ; Invalid argument.
[ util_execSystem ] 136:  oal_wlan_ath_setMSSIDAdvCfg cmd is "iwpriv ath7 dtim_p                                          eriod 1"

[ util_execSystem ] 136:  oal_wlan_ath_setMSSIDAdvCfg cmd is "iwpriv ath7 shortg                                          i 1"

[ util_execSystem ] 136:  oal_wlan_ath_setMSSIDAdvCfg cmd is "iwpriv ath7 wmm 1"

[ util_execSystem ] 136:Setting Max Stations:32
  oal_wlan_ath_setMSSIDAdvCfg cmd is "iwpriv ath7 ap_bridge 1"

[ util_execSystem ] 136:  oal_wlan_ath_setMSSIDAdvCfg cmd is "iwpriv ath7 maxsta                                           32"

[ util_execSystem ] 136:  oal_wlan_ath_setSec cmd is "iwconfig ath7 key off"

[ util_execSystem ] 136:  oal_wlan_ath_setSec cmd is "iwpriv ath7 privacy 0"

[ util_execSystem ] 136:  oal_wlan_ath_setSec cmd is "iwpriv ath7 authmode 1"

[ util_execSystem ] 136:  oal_wlan_ath_setWlanAclCfg cmd is "iwpriv ath5 maccmd                                           0"

[ util_execSystem ] 136:  oal_wlan_ath_dealOtherVap cmd is "iwpriv ath7 maccmd 0                                          "

[ util_execSystem ] 136:  oal_wlan_ath_closeVap cmd is "ifconfig ath6 down"

[ util_execSystem ] 136:  oal_wlan_ath_closeVap cmd is "echo 0 > /proc/tplink/le                                          d_wlan_5G"

[ util_execSystem ] 136:  oal_wlan_ath_closeVap cmd is "ifconfig ath7 down"

[ util_execSystem ] 136:  oal_wlan_ath_closeVap cmd is "echo 0 > /proc/tplink/le                                          d_wlan_5G"

[ util_execSystem ] 136:  oal_wlan_ath_closeVap  ieee80211_ioctl_siwmode: imr.if                                          m_active=66176, new mode=3, valid=1
cmd is "ifconfig ath5 down"

[ util_execSystem ] 136:  oal_wlan_ath_closeVap cmd is "echo 0 > /proc/tplink/le                                          d_wlan_5G"

[ util_execSystem ] 136:  oal_wlan_ath_updateCfgFile cmd is "hostapd /var/Wirele                                          ss/5G_topology.conf &"

Reading topology file /var/Wireless/5G_topology.conf ...
813.037: Reading radio configuration file /var/Wireless/5G_80211g.ap_radio ...

813.038: Reading bss configuration file /var/Wireless/ath5.ap_bss ...

Using interface ath5 with hwaddr 18:d6:c7:d8:0c:70 and ssid 'TP-LINK_0C6E_5G'

 DES SSID SET=TP-LINK_0C6E_5G
813.237: upnp_wps_device_init called
l2_packet_receive - recvfrom: Network is down
[wifi1] FWLOG: [30424] WAL_DBGID_SECURITY_ENCR_EN (  )
[wifi1] FWLOG: [30424] WAL_DBGID_SECURITY_MCAST_KEY_SET ( 0x1 )
[ util_execSystem ] 136:  oal_wlan_ath_closeVap cmd is "ifconfig ath6 down"

[ util_execSystem ] 136:  oal_wlan_ath_closeVap cmd is "echo 0 > /proc/tplink/le                                          d_wlan_5G"

[ util_execSystem ] 136:  oal_wlan_ath_closeVap cmd is "ifconfig ath7 down"

[ util_execSystem ] 136:  oal_wlan_ath_closeVap cmd is "echo 0 > /proc/tplink/le                                          d_wlan_5G"

[ util_execSystem ] 136:  oal_wlan_ath_closeVap cmd is "ifconfig ath5 down"

[ util_execSystem ] 136:  oal_wlan_ath_closeVap cmd is "echo 0 > /proc/tplink/le                                          d_wlanregiste callback function for ath5
_5G"

[ util_eOL vap_stop +
xecSystem ] 136:wmi_unified_vdev_stop_send for vap 0 (82400000)
  oal_wlan_ath_oOL vap_stop -
penVap cmd is "iSTOPPED EVENT for vap 0 (82400000)
wpriv ath5 vap_ind 1"

[ util_execSystem ] 136:  oal_wlan_ath_openVap cmd is "ifconfig ath5 up"

wmi_unified_scan_start_send for vap 0 (82400000)
atheros_wireless8021q: adding VLAN 0 to HW filter on device ath5
_event_receive:Malformed netlink message: len=1000 left=512 plen=984
512 extra bytes in the end of netlink message
atheros_wireless_event_recedevice ath5 entered promiscuous mode
ive:Malformed nebr0: port 8(ath5) entered forwarding state
tlink message: lbr0: port 8(ath5) entered forwarding state
en=1000 left=512 plen=984
512 extra bytes in the end of netlink message
[ utildevice ath6 entered promiscuous mode
_execSystem ] 136:  oal_wlan_ath_openVap cmd is "echo 1 > /proc/tplink/led_wlan_                                          5G"

[ util_execSystem ] 136:  oal_br_addIntfIntoBridge cmd is "brctl addif br0 ath5"

[ utidevice ath7 entered promiscuous mode
l_execSystem ] 136:  oal_br_addIntfIntoBridge cmd is "brctl addif br0 ath6"

[ util_execSystem ] 136:  oal_br_addIntfIntoBridge cmd is "brctl addif br0 ath6"

brctl: bridge br0: Device or resource busy
[ util_execSystem ] 136:  oal_br_addIntfIntoBridge cmd is "brctl addif br0 ath7"

sendto: No such file or directory
pid 511 send 2030 error
sendto: No such file or directory
pid 511 send 2004 error
[ util_execSystem ] 136:  oal_startDhcps cmd is "dhcpd /var/tmp/dconf/udhcpd.con                                          f"

[ util_execSystem ] 136:  oal_lan6_startRadvd cmd is "radvd -C /var/tmp/dconf/ra                                          dvd_br0.conf -p /var/run/radvd_br0.pid &"

[ util_execSystem ] 136:  oal_startSnmp cmd is "snmpd -f /var/tmp/dconf/snmpd.co                                          nf"

iptables: Bad rule (does a matching rule exist in that chain?).
radvd starting
atheros_wireless_event_receive:Malformed netlink message: len=1052 left=512 plen                                          =1036
512 extra bytes in the end of netlink message
atheros_wireless_event_receive:Malformed netlink message: len=1052 left=512 plen                                          =1036
512device eth1 entered promiscuous mode
 extra bytes in the end of netlink message
atheros_wireless_event_receive:Malformed netlink mesdevice eth1.2000 entered pro                                          miscuous mode
sage: len=1052 lbr0: port 11(eth1.2000) entered forwarding state
eft=512 plen=103br0: port 11(eth1.2000) entered forwarding state
6
512 extra bytes in the end of netlink message
atheros_wireless_event_receive:Malformed netlink message: len=1052 left=512 plen                                          =1036
512 extra bytes in the end of netlink message
[ util_execSystem ] 136:device eth1.2000 left promiscuous mode
  oal_intf_enablbr0: port 11(eth1.2000) entered disabled state
eIntf cmd is "ifconfig eth1.2000 up"

atheros_wireless_event_receive:Malformed netlink messagedevice eth1.2000 entered                                           promiscuous mode
: len=1052 left=br0: port 11(eth1.2000) entered forwarding state
512 plen=1036
5br0: port 11(eth1.2000) entered forwarding state
12 extra bytes in the end of netlink message
atheros_wireless_event_receive:Malformed netlink message: len=1052 left=512 plen                                          =1036
512 extra bytes in the end of netlink message
[ util_execSystem ] 136:  oal_br_addIntfIntoBridge cmd is "brctl addif br0 eth1.                                          2000"

[ util_execSystem ] 136:  oal_br_delIntfFromBridge cmd is "brctl delif br0 eth1.                                          2000"

[ util_execSystem ] 136:  oal_sys_unsetTZ cmd is "echo "" > /etc/TZ"

[ util_execSystem ] 136:  oal_br_addIntfIntoBridge cmd is "brctl addif br0 eth1.                                          2000"

[ util_execSystem ] 136:  oal_rip_updateConfig cmd is "rm -f /var/tmp/dconf/zebr                                          a.conf"

[ util_execSystem ] 136:  oal_rip_updateConfig cmd is "rm -f /var/tmp/dconf/ripd                                          .conf"

[ util_execSystem ] 136:  removeAllRIPIpTableRule cmd is "iptables -L INPUT -v -                                          -line-numbers > /var/iptable"

[ getPidFromPidFile ] 112:  Cann't open file: /var/run/zebra.pid.
[ util_execSystem ] 136:  controlRipProcess cmd is "zebra -d -f /var/tmp/dconf/z                                          ebra.conf"

[ getPidFromPidFile ] 112:  Cann't open file: /var/run/ripd.pid.
[ util_execSystem ] 136:  oal_ipt_setDDoSRules cmd is "iptables -F FIREWALL_DDOS                                          "

[ util_execSystem ] 136:  ddos_clearAll cmd is "rm -f /var/tmp/dosHost"

[ util_execSystem ] 136:  setupModules cmd is "insmod /lib/modules/kmdir/kernel/                                          net/netfilter/nf_conntrack_ftp.ko"

[ util_execSystem ] 136:  setupModules cmd is "insmod /lib/modules/kmdir/kernel/                                          net/ipv4/netfilter/nf_nat_ftp.ko"

[ util_execSystem ] 136:  oal_openAlg cmd is "iptables -D FORWARD_VPN_PASSTHROUG                                          H  -p udp --dport 500 -j DROP"

iptables: Bad rule (does a matching rule exist in that chain?).
[ util_execSystem ] 136:  setupModules cmd is "insmod /lib/modules/kmdir/kernel/                                          net/netfilter/nf_conntrack_proto_gre.ko"

[ util_execSystem ] 136:  setupModules cmd is "insmod /lib/modules/kmdir/kernel/                                          net/netfilter/nf_conntrack_pptp.ko"

[ util_execSystem ] 136:  setupModules cmd is "insmod /lib/modules/kmdir/kernel/                                          net/ipv4/netfilter/nf_nat_proto_gre.ko"

[ util_execSystem ] 136:  setupModules cmd is "insmod /lib/modules/kmdir/kernel/                                          net/ipv4/netfilter/nf_nat_pptp.ko"

[ util_execSystem ] 136:  oal_openAlg cmd is "iptables -D FORWARD_VPN_PASSTHROUG                                          H  -p tcp --dport 1723 -j DROP"

iptables: Bad rule (does a matching rule exist in that chain?).
[ util_execSystem ] 136:  oal_openAlg cmd is "iptables -D FORWARD_VPN_PASSTHROUG                                          H  -p udp --dport 1701 -j DROP"

iptables: Bad rule (does a matching rule exist in that chain?).
[ util_execSystem ] 136:  setupModules cmd is "insmod /lib/modules/kmdir/kernel/                                          net/netfilter/nf_conntrack_tftp.ko"

[ util_execSystem ] 136:  setupModules cmd is "insmod /lib/modules/kmdir/kernel/                                          net/ipv4/netfilter/nf_nat_tftp.ko"

[ util_execSystem ] 136:  setupModules cmd is "insmod /lib/modules/kmdir/kernel/                                          net/netfilter/nf_conntrack_h323.ko"

[ util_execSystem ] 136:  setupModules cmd is "insmod /lib/modules/kmdir/kernel/                                          net/ipv4/netfilter/nf_nat_h323.ko"

[ util_execSystem ] 136:  setupModules cmd is "insmod /lib/modules/kmdir/kernel/                                          net/netfilter/nf_conntrack_sip.ko"

[ util_execSystem ] 136:  setupModules cmd is "insmod /lib/modules/kmdir/kernel/                                          net/ipv4/netfilter/nf_nat_sip.ko"

[ util_execSystem ] 136:  oal_initFirewallObj cmd is "ebtables -N FIREWALL"

[ util_execSystem ] 136:  oal_initIp6FirewallObj cmd is "ip6tables -F"

[ util_execSystem ] 136:  oal_initIp6FirewallObj cmd is "ip6tables -X"

[ util_execSystem ] 136:  oal_initIp6FirewallObj cmd is "ip6tables -P INPUT DROP                                          "

[ util_execSystem ] 136:  oal_initIp6FirewallObj cmd is "ip6tables -P FORWARD DR                                          OP"

[ util_execSystem ] 136:  oal_initIp6FirewallObj cmd is "ip6tables -P OUTPUT ACC                                          EPT"

[ util_execSystem ] 136:  oal_initIp6FirewallObj cmd is "ip6tables -N ACLV6"

[ util_execSystem ] 136:  oal_initIp6FirewallObj cmd is "ip6tables -N FIREWALL"

[ util_execSystem ] 136:  oal_initIp6FirewallObj cmd is "ip6tables -N FWRULE"

[ util_execSystem ] 136:  oal_initIp6FirewallObj cmd is "ip6tables -A INPUT -i l                                          o -p ALL -j ACCEPT -m comment                                   --comment "loop                                           back""

[ util_execSystem ] 136:  oal_initIp6FirewallObj cmd is "ip6tables -A INPUT  -m                                           conntrack --ctstate RELATED,ESTABLISHED -j ACCEPT"

[ util_execSystem ] 136:  oal_initIp6FirewallObj cmd is "ip6tables -A INPUT -j A                                          CLV6"

[ util_execSystem ] 136:  oal_initIp6FirewallObj cmd is "ip6tables -A INPUT -p i                                          cmpv6 ! --icmpv6-type echo-request -j ACCEPT"

[ util_execSystem ] 136:  oal_initIp6FirewallObj cmd is "ip6tables -A INPUT -p u                                          dp ! -i br+ --sport 547 --dport 546 -j ACCEPT"

[ util_execSystem ] 136:  oal_initIp6FirewallObj cmd is "ip6tables -A INPUT -p u                                          dp -i br+ --sport 546 --dport 547 -j ACCEPT"

[ util_execSystem ] 136:  oal_initIp6FirewallObj cmd is "ip6tables -A INPUT -p u                                          dp --sport 521 --dport 521 -j ACCEPT"

[ util_execSystem ] 136:  oal_initIp6FirewallObj cmd is "ip6tables -A FORWARD -i                                           br+ -m conntrack --ctstate RELATED,ESTABLISHED -j ACCEPT"

[ util_execSystem ] 136:  oal_initIp6FirewallObj cmd is "ip6tables -A FORWARD -o                                           br+ -m conntrack --ctstate RELATED,ESTABLISHED -j ACCEPT"

[ util_execSystem ] 136:  oal_initIp6FirewallObj cmd is "ip6tables -A FORWARD -j                                           FIREWALL"

[ util_execSystem ] 136:  oal_fw6_setFwEnabeld cmd is "ip6tables -D FIREWALL -j                                           ACCEPT"

ip6tables: Bad rule (does a matching rule exist in that chain?).
[ util_execSystem ] 136:  oal_fw6_setFwEnabeld cmd is "ip6tables -F FIREWALL"

[ util_execSystem ] 136:  oal_fw6_setFwEnabeld cmd is "ip6tables -A FIREWALL -j                                           ACCEPT"

[ rsl_initDslIptvCfgObj ] 1965:  DSL IPTV not enable or not firstInit.
[ rsl_setStorageServiceObj ] 1396:  mountFlag is 3,We start usb server

[ util_execSystem ] 136:  oal_killDlnaMediaSeverProcess cmd is "killall ushare"

killall: ushare: no process killed
uShare (version 1.1a), a lightweight UPnP A/V and DLNA Media Server.
Benjamin Zores (C) 2005-2007, for GeeXboX Team.
See http://ushare.geexbox.org/ for updates.
[ util_execSystem ] 136:  oal_ipt_setWanPort cmd is "iptables -t filter -D INPUT                                           -p tcp --dport 21 -j ACCEPT"

iptables: Bad rule (does a matching rule exist in that chain?).
[ util_execSystem ] 136:  oal_ipt_setWanPort cmd is "iptables -t nat -D PREROUTI                                          NG -p tcp --dport 21 -j ACCEPT"

iptables: Bad rule (does a matching rule exist in that chain?).
[ util_execSystem ] 136:  oal_ipt_setWanPort cmd is "ip6tables -t filter -D ACLV                                          6 -p tcp --dport 21 -j ACCEPT"

ip6tables: Bad rule (does a matching rule exist in that chain?).
[ util_execSystem ] 136:  oal_startPrintSrv cmd is "insmod /lib/modules/GPL_NetU                                          SB.ko"

kcg 333 :GPL NetUSB up!
[ util_execSystem ] 136:  oal_startPrintSrv cmd is "insmod /lib/modules/NetUSB.k                                          o"

kc   90 : run_telnetDBGDServer start
kc  227 : init_DebugD end
INFO17FE: NetUSB 1.02.71.2, 00030308 : Jul 30 2015 11:07:40
INFO1800: 7437: Archer D50 :Archer D50
INFO1801:  AUTH ISOC
INFO1802:  filterAudio
usbcore: registered new interface driver KC NetUSB General Driver
INFO185C: Reset device when disconnect
INFO0145:  init proc : PAGE_SIZE 4096
INFO16F2:  infomap 81746e38
INFO16F5:  sleep to wait br0 to wake up
[ util_execSysteINFO15C5: tcpConnector() started... : br0
m ] 136:  oal_ipt_setAclRules cmd is "iptables -t filter -A ACL -i br+ -p icmp                                             -j ACCEPT"

[ util_execSystem ] 136:  oal_ipt_setAclRules cmd is "ip6tables -t filter -A ACL                                          V6 -i br+ -p icmpv6 --icmpv6-type echo-request -j ACCEPT"

OL vap_start +
wmi_unified_vdev_start_send for vap 0 (82400000)
OL vap_start -
ol_vdev_start_resp_ev for vap 0 (82400000)
ol_ath_vap_join: join operation is only for STA/IBSS mode
ol_ath_wmm_update:
wmi_unified_vdev_up_send for vap 0 (82400000)
Notification to UMAC VAP layer
open DNS error: No such file or directory
[ util_execSystem ] 136:  oal_sys_unsetTZ cmd is "echo "" > /etc/TZ"

[ util_execSystem ] 136:  oal_sys_unsetTZ cmd is "echo "" > /etc/TZ"

INFO1578: Bind to br0
[ util_execSystem ] 136:  prepareDropbear cmd is "dropbearkey -t rsa -f /var/tmp                                          /dropbear/dropbear_rsa_host_key"

Will output 1024 bit rsa secret key to '/var/tmp/dropbear/dropbear_rsa_host_key'
Generating key, this may take a while...
sched: RT throttling activated
Public key portion is:
ssh-rsa AAAAB3NzaC1yc2EAAAADAQABAAAAgno2T2m4lBdG5XNlSqHlG2/Gz/ofsTZgafmcAuggctzK                                          qKeTIdPfERnNoAZCVlgcYGflTZ1cXwo9lDd+ybKz13jb+2z2ofOcSOxVypAq9NVRxOMZC6nqOXboN/rq                                          9Kvx31Vh8D9EZb5EK9a1tcTvxwjePQNCTbegUYaQdcVP20WuRHs= admin@Archer D50
Fingerprint: md5 4f:06:f1:dd:15:be:14:ef:74:a7:68:2b:0b:9c:08:95
[ util_execSystem ] 136:  prepareDropbear cmd is "dropbearkey -t dss -f /var/tmp                                          /dropbear/dropbear_dss_host_key"

Will output 1024 bit dss secret key to '/var/tmp/dropbear/dropbear_dss_host_key'
Generating key, this may take a while...
Found 0 files and subdirectories.

starting pid 513, tty '': '/sbin/getty -L ttyS0 115200 vt100'

Archer D50 login: 841.645: ath0: STA 18:d6:c7:d8:0c:6e IEEE 802.11: disassociate                                          d
open DNS error: No such file or directory
[ util_execSystem ] 136:  oal_sys_unsetTZ cmd is "echo "" > /etc/TZ"

[ util_execSystem ] 136:  oal_sys_unsetTZ cmd is "echo "" > /etc/TZ"


Archer D50 login: root
Password:
Public key portion is:
ssh-dss AAAAB3NzaC1kc3MAAACBAJRsPXFEiKmmWpQkroLIr4vs96E5nzriim1VpLer+3CoT/mf2tsaEZZ3UblLNteKstZgFIC3EhAD+s2XR             3ovwLiy35FTOmiRd0abipqqu5zeiKGl9/a5ZsY2OamjqXiogOckk9dUHAZHJ1SwIqSxvfQeK2XP8Aml9LIwNSaNELvzAAAAFQCgx7a6W9uQl+             ewinGo/VLTk5yovQAAAIB2pn35g+KYQA1cK5AuLRuVzjLD/tFtIgLYJlsq0DY4nP3SMJgAtFmLtcnK91ZxjaSQJsF/p86zIdYudGLmYlTJ4NL             /FneFKbSLOBmEaz1LuKo4OTWIFhBlMdTLeCYreGwqMK3njIr7dwmqqgMHzY74PpFM0GMeCfRA93CDnbqKQQAAAIAYatZasLCiBVJA9jLYz07Q             4+qf6gAA8lfDxNMysLQ/tIT1mO9bVPdnGjz9xsPBmb0IKLul63wkQaYp2Z+NtRGDF/cr4yS3KKZQJ9PVDdRY94+dK1eS4RgkvIM9jBhPxBEeI             2l93O8zjx/Ge2uGqVl1z12YgRf/vmXtymFlUEjaOw== admin@Archer D50
Fingerprint: md5 59:8c:2c:db:6d:17:54:3b:a2:93:2a:11:5d:75:b1:0b
[ util_execSystem ] 136:  prepareDropbear cmd is "dropbear -p 22 -r /var/tmp/dropbear/dropbear_rsa_host_key -             d /var/tmp/dropbear/dropbear_dss_host_key -A /var/tmp/dropbear/dropbearpwd"

Login incorrect
Archer D50 login: U-Boot 1.1.4 (Oct 13 2015 - 08:38:35)

process '/sbin/getty -L ttyS0 115200 vt100' (pid 513) exited. Scheduling for restart.
ap147 - Honey Bee
Please press Enter to activate this console. 2.0DRAM:
starting pid 1404, tty '': '/sbin/getty -L ttyS0 115200 vt100'
sri
Honey Bee 2.0
ath_ddr_initial_config(195): (16bit) ddr2 init
tap = 0x00000003
Tap (low, high) = (0x7, 0x22)
Tap values = (0x14, 0x14, 0x14, 0x14)
64 MB
Top of RAM usable for U-Boot at: 84000000
Reserving 156k for U-Boot at: 83fd8000
Reserving 192k for malloc() at: 83fa8000
Reserving 44 Bytes for Board Info at: 83fa7fd4
Reserving 36 Bytes for Global Data at: 83fa7fb0
Reserving 128k for boot params() at: 83f87fb0
Stack Pointer at: 83f87f98
Now running in RAM - U-Boot at: 83fd8000
Flash Manuf Id 0xc2, DeviceId0 0x20, DeviceId1 0x17
flash size 8MB, sector count = 128
Flash:  8 MB
Using default environment

In:    serial
Out:   serial
Err:   serial
Net:   ath_gmac_enet_initialize...
No valid address in Flash. Using fixed address
No valid address in Flash. Using fixed address
ath_gmac_enet_initialize: reset mask:c02200
Scorpion ---->S27 PHY*
S27 reg init
: cfg1 0x800c0000 cfg2 0x7114
eth0: 00:03:7f:09:0b:ad
athrs27_phy_setup ATHR_PHY_CONTROL 4 :1000
athrs27_phy_setup ATHR_PHY_SPEC_STAUS 4 :10
eth0 up
Honey Bee ---->  MAC 1 S27 PHY *
S27 reg init
ATHRS27: resetting s27
ATHRS27: s27 reset done
: cfg1 0x800c0000 cfg2 0x7214
eth1: 00:03:7f:09:0b:ad
athrs27_phy_setup ATHR_PHY_CONTROL 0 :1000
athrs27_phy_setup ATHR_PHY_SPEC_STAUS 0 :10
athrs27_phy_setup ATHR_PHY_CONTROL 1 :1000
athrs27_phy_setup ATHR_PHY_SPEC_STAUS 1 :10
athrs27_phy_setup ATHR_PHY_CONTROL 2 :1000
athrs27_phy_setup ATHR_PHY_SPEC_STAUS 2 :10
athrs27_phy_setup ATHR_PHY_CONTROL 3 :1000
athrs27_phy_setup ATHR_PHY_SPEC_STAUS 3 :10
eth1 up
eth0, eth1
Setting 0x181162c0 to 0x50a1a100
Hit any key to stop autoboot:  0
do_bootm:argc=2, addr=0x9f020000
## Booting image at 9f020000 ...
   Uncompressing Kernel Image ... OK
No initrd
## Transferring control to Linux (at address 802fecd0) ...
## Giving linux memsize in bytes, 67108864

Starting kernel ...

Linux version 3.3.8 (root@localhost.localdomain) (gcc version 4.6.3 20120201 (pr                                          erelease) (Linaro GCC 4.6-2012.02) ) #17 Tue Dec 15 17:08:41 CST 2015
CPU revision is: 00019374 (MIPS 24Kc)
SoC: Qualcomm Atheros QCA9531 rev 2
Clocks: CPU:650.000MHz, DDR:597.924MHz, AHB:216.666MHz, Ref:25.000MHz
Determined physical RAM map:
 memory: 04000000 @ 00000000 (usable)
Initrd not found or empty - disabling initrd
Zone PFN ranges:
  Normal   0x00000000 -> 0x00004000
Movable zone start PFN for each node
Early memory PFN ranges
    0: 0x00000000 -> 0x00004000
Built 1 zonelists in Zone order, mobility grouping on.  Total pages: 16256
Kernel command line: board=AP147 console=ttyS0,115200 mtdparts=spi0.0:128k(boot)                                          ro,1280k(kernel),6528k(rootfs),64k(config),64k(romfile),64k(rom),64k(radio) root                                          fstype=squashfs,jffs2 noinitrd
PID hash table entries: 256 (order: -2, 1024 bytes)
Dentry cache hash table entries: 8192 (order: 3, 32768 bytes)
Inode-cache hash table entries: 4096 (
Archer D50 login: 


U-Boot 1.1.4 (Oct 13 2015 - 08:38:35)
Password:
dr_initial_config(195): (16bit) ddr2 init
tap = 0x00000003
Tap (low, high) = (0x7, 0x22)
Tap values = (0x14, 0x14, 0x14, 0x14)
64 MB
Top of RAM usable for U-Boot at: 84000000
Reserving 156k for U-Boot at: 83fd8000
Reserving 192k for malloc() at: 83fa8000
Reserving 44 Bytes for Board Info at: 83fa7fd4
Reserving 36 Bytes for Global Data at: 83fa7fb0
Reserving 128k for boot params() at: 83f87fb0
Stack Pointer at: 83f87f98
Now running in RAM - U-Boot at: 83fd8000
Flash Manuf Id 0xc2, DeviceId0 0x20, DeviceId1 0x17
flash size 8MB, sector count = 128
Flash:  8 MB
Using default environment

In:    serial
Out:   serial
Err:   serial
Net:   ath_gmac_enet_initialize...
No valid address in Flash. Using fixed address
No valid address in Flash. Using fixed address
ath_gmac_enet_initialize: reset mask:c02200
Scorpion ---->S27 PHY*
S27 reg init
: cfg1 0x800c0000 cfg2 0x7114
eth0: 00:03:7f:09:0b:ad
athrs27_phy_setup ATHR_PHY_CONTROL 4 :1000
athrs27_phy_setup ATHR_PHY_SPEC_STAUS 4 :10
eth0 up
Honey Bee ---->  MAC 1 S27 PHY *
S27 reg init
ATHRS27: resetting s27
ATHRS27: s27 reset done
: cfg1 0x800c0000 cfg2 0x7214
eth1: 00:03:7f:09:0b:ad
athrs27_phy_setup ATHR_PHY_CONTROL 0 :1000
athrs27_phy_setup ATHR_PHY_SPEC_STAUS 0 :10
athrs27_phy_setup ATHR_PHY_CONTROL 1 :1000
athrs27_phy_setup ATHR_PHY_SPEC_STAUS 1 :10
athrs27_phy_setup ATHR_PHY_CONTROL 2 :1000
athrs27_phy_setup ATHR_PHY_SPEC_STAUS 2 :10
athrs27_phy_setup ATHR_PHY_CONTROL 3 :1000
athrs27_phy_setup ATHR_PHY_SPEC_STAUS 3 :10
eth1 up
eth0, eth1
Setting 0x181162c0 to 0x50a1a100
Hit any key to stop autoboot:  0
do_bootm:argc=2, addr=0x9f020000
## Booting image at 9f020000 ...
   Uncompressing Kernel Image ... OK
No initrd
## Transferring control to Linux (at address 802fecd0) ...
## Giving linux memsize in bytes, 67108864

Starting kernel ...

Linux version 3.3.8 (root@localhost.localdomain) (gcc version 4.6.3 20120201 (pr                                          erelease) (Linaro GCC 4.6-2012.02) ) #17 Tue Dec 15 17:08:41 CST 2015
CPU revision is: 00019374 (MIPS 24Kc)
SoC: Qualcomm Atheros QCA9531 rev 2
Clocks: CPU:650.000MHz, DDR:597.924MHz, AHB:216.666MHz, Ref:25.000MHz
Determined physical RAM map:
 memory: 04000000 @ 00000000 (usable)
Initrd not found or empty - disabling initrd
Zone PFN ranges:
  Normal   0x00000000 -> 0x00004000
Movable zone start PFN for each node
Early memory PFN ranges
    0: 0x00000000 -> 0x00004000
Built 1 zonelists in Zone order, mobility grouping on.  Total pages: 16256
Kernel command line: board=AP147 console=ttyS0,115200 mtdparts=spi0.0:128k(boot)                                          ro,1280k(kernel),6528k(rootfs),64k(config),64k(romfile),64k(rom),64k(radio) root                                          fstype=squashfs,jffs2 noinitrd
PID hash table entries: 256 (order: -2, 1024 bytes)
Dentry cache hash table entries: 8192 (order: 3, 32768 bytes)
Inode-cache hash table entries: 4096 (L

